Determining if the pthread_create exist failed with the following output:
Change Dir: /home/afifit/Project/IRIS/CMakeFiles/CMakeTmp

Run Build Command:"/usr/bin/make" "cmTC_fd0a3/fast"
/usr/bin/make -f CMakeFiles/cmTC_fd0a3.dir/build.make CMakeFiles/cmTC_fd0a3.dir/build
make[1]: Entering directory '/home/afifit/Project/IRIS/CMakeFiles/CMakeTmp'
Building C object CMakeFiles/cmTC_fd0a3.dir/CheckSymbolExists.c.o
/usr/bin/cc    -o CMakeFiles/cmTC_fd0a3.dir/CheckSymbolExists.c.o   -c /home/afifit/Project/IRIS/CMakeFiles/CMakeTmp/CheckSymbolExists.c
Linking C executable cmTC_fd0a3
/usr/bin/cmake -E cmake_link_script CMakeFiles/cmTC_fd0a3.dir/link.txt --verbose=1
/usr/bin/cc      CMakeFiles/cmTC_fd0a3.dir/CheckSymbolExists.c.o  -o cmTC_fd0a3 
CMakeFiles/cmTC_fd0a3.dir/CheckSymbolExists.c.o: In function `main':
CheckSymbolExists.c:(.text+0x1b): undefined reference to `pthread_create'
collect2: error: ld returned 1 exit status
CMakeFiles/cmTC_fd0a3.dir/build.make:97: recipe for target 'cmTC_fd0a3' failed
make[1]: *** [cmTC_fd0a3] Error 1
make[1]: Leaving directory '/home/afifit/Project/IRIS/CMakeFiles/CMakeTmp'
Makefile:126: recipe for target 'cmTC_fd0a3/fast' failed
make: *** [cmTC_fd0a3/fast] Error 2

File /home/afifit/Project/IRIS/CMakeFiles/CMakeTmp/CheckSymbolExists.c:
/* */
#include <pthread.h>

int main(int argc, char** argv)
{
  (void)argv;
#ifndef pthread_create
  return ((int*)(&pthread_create))[argc];
#else
  (void)argc;
  return 0;
#endif
}

Determining if the function pthread_create exists in the pthreads failed with the following output:
Change Dir: /home/afifit/Project/IRIS/CMakeFiles/CMakeTmp

Run Build Command:"/usr/bin/make" "cmTC_303f6/fast"
/usr/bin/make -f CMakeFiles/cmTC_303f6.dir/build.make CMakeFiles/cmTC_303f6.dir/build
make[1]: Entering directory '/home/afifit/Project/IRIS/CMakeFiles/CMakeTmp'
Building C object CMakeFiles/cmTC_303f6.dir/CheckFunctionExists.c.o
/usr/bin/cc   -DCHECK_FUNCTION_EXISTS=pthread_create   -o CMakeFiles/cmTC_303f6.dir/CheckFunctionExists.c.o   -c /usr/share/cmake-3.10/Modules/CheckFunctionExists.c
Linking C executable cmTC_303f6
/usr/bin/cmake -E cmake_link_script CMakeFiles/cmTC_303f6.dir/link.txt --verbose=1
/usr/bin/cc  -DCHECK_FUNCTION_EXISTS=pthread_create    CMakeFiles/cmTC_303f6.dir/CheckFunctionExists.c.o  -o cmTC_303f6 -lpthreads 
/usr/bin/ld: cannot find -lpthreads
collect2: error: ld returned 1 exit status
CMakeFiles/cmTC_303f6.dir/build.make:97: recipe for target 'cmTC_303f6' failed
make[1]: *** [cmTC_303f6] Error 1
make[1]: Leaving directory '/home/afifit/Project/IRIS/CMakeFiles/CMakeTmp'
Makefile:126: recipe for target 'cmTC_303f6/fast' failed
make: *** [cmTC_303f6/fast] Error 2


